<?xml version="1.0" encoding="UTF-8"?>
<!-- Generated by org.testng.reporters.JUnitXMLReporter -->
<testsuite ignored="2" hostname="SL-DEranthika" failures="0" tests="1" name="Command line test" time="3.162" errors="0" timestamp="2022-07-24T18:03:58 IST">
  <testcase classname="ProductTests" name="testAddToCartProduct" time="1.539"/>
  <testcase classname="ProductTests" name="testAddTShirt" time="0.0">
    <ignored/>
  </testcase> <!-- testAddTShirt -->
  <testcase classname="ProductTests" name="testNavigateToProduct" time="0.0">
    <ignored/>
  </testcase> <!-- testNavigateToProduct -->
</testsuite> <!-- Command line test -->
