<?xml version="1.0" encoding="UTF-8"?>
<!-- Generated by org.testng.reporters.JUnitXMLReporter -->
<testsuite hostname="SL-DEranthika" ignored="2" tests="1" failures="0" timestamp="06 Sep 2022 13:20:47 GMT" time="3.992" errors="0">
  <testcase name="testAddTShirt" time="1.707" classname="ProductTests"/>
  <testcase name="testAddToCartProduct" time="0.0" classname="ProductTests">
    <ignored/>
  </testcase> <!-- testAddToCartProduct -->
  <testcase name="testNavigateToProduct" time="0.0" classname="ProductTests">
    <ignored/>
  </testcase> <!-- testNavigateToProduct -->
</testsuite>
