<?xml version="1.0" encoding="UTF-8"?>
<testsuite xmlns:xsi="http://www.w3.org/2001/XMLSchema-instance" xsi:noNamespaceSchemaLocation="https://maven.apache.org/surefire/maven-surefire-plugin/xsd/surefire-test-report-3.0.xsd" version="3.0" name="ProductTests" time="16.712" tests="1" errors="0" skipped="0" failures="0">
  <properties>
[...]
</properties>
  <testcase name="testAddTShirt" classname="ProductTests" time="1.706">
    <system-out><![CDATA[2022-09-06 18:50:38 DEBUG InternalLoggerFactory:76 - Using Log4J2 as the default logging framework
2022-09-06 18:50:38 DEBUG ResourceLeakDetector:129 - -Dio.netty.leakDetection.level: simple
2022-09-06 18:50:38 DEBUG ResourceLeakDetector:130 - -Dio.netty.leakDetection.targetRecords: 4
2022-09-06 18:50:38 DEBUG ResourceLeakDetectorFactory:196 - Loaded default ResourceLeakDetector: io.netty.util.ResourceLeakDetector@21680803
2022-09-06 18:50:38 DEBUG PlatformDependent0:495 - -Dio.netty.noUnsafe: false
2022-09-06 18:50:38 DEBUG PlatformDependent0:998 - Java version: 8
2022-09-06 18:50:38 DEBUG PlatformDependent0:136 - sun.misc.Unsafe.theUnsafe: available
2022-09-06 18:50:38 DEBUG PlatformDependent0:160 - sun.misc.Unsafe.copyMemory: available
2022-09-06 18:50:38 DEBUG PlatformDependent0:192 - sun.misc.Unsafe.storeFence: available
2022-09-06 18:50:38 DEBUG PlatformDependent0:235 - java.nio.Buffer.address: available
2022-09-06 18:50:38 DEBUG PlatformDependent0:306 - direct buffer constructor: available
2022-09-06 18:50:38 DEBUG PlatformDependent0:384 - java.nio.Bits.unaligned: available, true
2022-09-06 18:50:38 DEBUG PlatformDependent0:458 - jdk.internal.misc.Unsafe.allocateUninitializedArray(int): unavailable prior to Java9
2022-09-06 18:50:38 DEBUG PlatformDependent0:481 - java.nio.DirectByteBuffer.<init>(long, int): available
2022-09-06 18:50:38 DEBUG PlatformDependent:1120 - sun.misc.Unsafe: available
2022-09-06 18:50:38 DEBUG PlatformDependent:1250 - -Dio.netty.tmpdir: C:\Users\DERANT~1\AppData\Local\Temp (java.io.tmpdir)
2022-09-06 18:50:38 DEBUG PlatformDependent:1329 - -Dio.netty.bitMode: 64 (sun.arch.data.model)
2022-09-06 18:50:38 DEBUG PlatformDependent:1080 - Platform: Windows
2022-09-06 18:50:38 DEBUG PlatformDependent:178 - -Dio.netty.maxDirectMemory: 3793747968 bytes
2022-09-06 18:50:38 DEBUG PlatformDependent:185 - -Dio.netty.uninitializedArrayAllocationThreshold: -1
2022-09-06 18:50:38 DEBUG CleanerJava6:92 - java.nio.ByteBuffer.cleaner(): available
2022-09-06 18:50:38 DEBUG PlatformDependent:205 - -Dio.netty.noPreferDirect: false
2022-09-06 18:50:38 DEBUG PlatformDependent:971 - org.jctools-core.MpscChunkedArrayQueue: available
2022-09-06 18:50:38 DEBUG InternalThreadLocalMap:86 - -Dio.netty.threadLocalMap.stringBuilder.initialSize: 1024
2022-09-06 18:50:38 DEBUG InternalThreadLocalMap:89 - -Dio.netty.threadLocalMap.stringBuilder.maxSize: 4096
2022-09-06 18:50:38 DEBUG JdkSslContext:83 - Default protocols (JDK): [TLSv1.3, TLSv1.2] 
2022-09-06 18:50:38 DEBUG JdkSslContext:84 - Default cipher suites (JDK): [TLS_ECDHE_ECDSA_WITH_AES_256_GCM_SHA384, TLS_ECDHE_ECDSA_WITH_AES_128_GCM_SHA256, TLS_ECDHE_RSA_WITH_AES_128_GCM_SHA256, TLS_ECDHE_RSA_WITH_AES_256_GCM_SHA384, TLS_ECDHE_RSA_WITH_AES_128_CBC_SHA, TLS_ECDHE_RSA_WITH_AES_256_CBC_SHA, TLS_RSA_WITH_AES_128_GCM_SHA256, TLS_RSA_WITH_AES_128_CBC_SHA, TLS_RSA_WITH_AES_256_CBC_SHA, TLS_AES_128_GCM_SHA256, TLS_AES_256_GCM_SHA384]
2022-09-06 18:50:38 DEBUG MultithreadEventLoopGroup:44 - -Dio.netty.eventLoopThreads: 8
2022-09-06 18:50:38 DEBUG NioEventLoop:109 - -Dio.netty.noKeySetOptimization: false
2022-09-06 18:50:38 DEBUG NioEventLoop:110 - -Dio.netty.selectorAutoRebuildThreshold: 512
2022-09-06 18:50:38 TRACE NioEventLoop:263 - instrumented a special java.util.Set into: sun.nio.ch.WindowsSelectorImpl@77e80a5e
2022-09-06 18:50:38 TRACE NioEventLoop:263 - instrumented a special java.util.Set into: sun.nio.ch.WindowsSelectorImpl@7ea4d397
2022-09-06 18:50:38 TRACE NioEventLoop:263 - instrumented a special java.util.Set into: sun.nio.ch.WindowsSelectorImpl@49298ce7
2022-09-06 18:50:38 TRACE NioEventLoop:263 - instrumented a special java.util.Set into: sun.nio.ch.WindowsSelectorImpl@253c1256
2022-09-06 18:50:38 TRACE NioEventLoop:263 - instrumented a special java.util.Set into: sun.nio.ch.WindowsSelectorImpl@8dfe921
2022-09-06 18:50:38 TRACE NioEventLoop:263 - instrumented a special java.util.Set into: sun.nio.ch.WindowsSelectorImpl@503fbbc6
2022-09-06 18:50:38 TRACE NioEventLoop:263 - instrumented a special java.util.Set into: sun.nio.ch.WindowsSelectorImpl@55f45b92
2022-09-06 18:50:38 TRACE NioEventLoop:263 - instrumented a special java.util.Set into: sun.nio.ch.WindowsSelectorImpl@109f5dd8
2022-09-06 18:50:38 DEBUG PooledByteBufAllocator:157 - -Dio.netty.allocator.numHeapArenas: 8
2022-09-06 18:50:38 DEBUG PooledByteBufAllocator:158 - -Dio.netty.allocator.numDirectArenas: 8
2022-09-06 18:50:38 DEBUG PooledByteBufAllocator:160 - -Dio.netty.allocator.pageSize: 8192
2022-09-06 18:50:38 DEBUG PooledByteBufAllocator:165 - -Dio.netty.allocator.maxOrder: 9
2022-09-06 18:50:38 DEBUG PooledByteBufAllocator:169 - -Dio.netty.allocator.chunkSize: 4194304
2022-09-06 18:50:38 DEBUG PooledByteBufAllocator:170 - -Dio.netty.allocator.smallCacheSize: 256
2022-09-06 18:50:38 DEBUG PooledByteBufAllocator:171 - -Dio.netty.allocator.normalCacheSize: 64
2022-09-06 18:50:38 DEBUG PooledByteBufAllocator:172 - -Dio.netty.allocator.maxCachedBufferCapacity: 32768
2022-09-06 18:50:38 DEBUG PooledByteBufAllocator:173 - -Dio.netty.allocator.cacheTrimInterval: 8192
2022-09-06 18:50:38 DEBUG PooledByteBufAllocator:174 - -Dio.netty.allocator.cacheTrimIntervalMillis: 0
2022-09-06 18:50:38 DEBUG PooledByteBufAllocator:175 - -Dio.netty.allocator.useCacheForAllThreads: false
2022-09-06 18:50:38 DEBUG PooledByteBufAllocator:176 - -Dio.netty.allocator.maxCachedByteBuffersPerChunk: 1023
2022-09-06 18:50:38 DEBUG ByteBufUtil:87 - -Dio.netty.allocator.type: pooled
2022-09-06 18:50:38 DEBUG ByteBufUtil:96 - -Dio.netty.threadLocalDirectBufferSize: 0
2022-09-06 18:50:38 DEBUG ByteBufUtil:99 - -Dio.netty.maxThreadLocalCharBufferSize: 16384
2022-09-06 18:50:40 DEBUG DefaultChannelId:79 - -Dio.netty.processId: 16484 (auto-detected)
2022-09-06 18:50:40 DEBUG NetUtil:136 - -Djava.net.preferIPv4Stack: false
2022-09-06 18:50:40 DEBUG NetUtil:137 - -Djava.net.preferIPv6Addresses: false
2022-09-06 18:50:40 DEBUG NetUtilInitializations:129 - Loopback interface: lo (Software Loopback Interface 1, 127.0.0.1)
2022-09-06 18:50:40 DEBUG NetUtil:191 - Failed to get SOMAXCONN from sysctl and file \proc\sys\net\core\somaxconn. Default: 200
2022-09-06 18:50:40 DEBUG DefaultChannelId:101 - -Dio.netty.machineId: 10:f0:05:ff:fe:77:1a:5f (auto-detected)
2022-09-06 18:50:40 DEBUG AbstractByteBuf:63 - -Dio.netty.buffer.checkAccessible: true
2022-09-06 18:50:40 DEBUG AbstractByteBuf:64 - -Dio.netty.buffer.checkBounds: true
2022-09-06 18:50:40 DEBUG ResourceLeakDetectorFactory:196 - Loaded default ResourceLeakDetector: io.netty.util.ResourceLeakDetector@589caaa0
2022-09-06 18:50:40 DEBUG Recycler:85 - -Dio.netty.recycler.maxCapacityPerThread: 4096
2022-09-06 18:50:40 DEBUG Recycler:86 - -Dio.netty.recycler.ratio: 8
2022-09-06 18:50:40 DEBUG Recycler:87 - -Dio.netty.recycler.chunkSize: 32
2022-09-06 18:50:40 DEBUG Recycler:88 - -Dio.netty.recycler.blocking: false
2022-09-06 18:50:42 DEBUG Brotli:38 - brotli4j not in the classpath; Brotli support will be unavailable.
2022-09-06 18:50:43 DEBUG ThreadLocalRandom:214 - -Dio.netty.initialSeedUniquifier: 0xc95a024cd7730edd
2022-09-06 18:50:45 INFO  ProductsPage:21 - Enter username: standard_user
2022-09-06 18:50:45 INFO  ProductsPage:25 - Enter password: secret_sauce
2022-09-06 18:50:45 INFO  ProductsPage:29 - Click login button
2022-09-06 18:50:45 INFO  ProductsPage:38 - Scrolling into T-Shirt
2022-09-06 18:50:46 INFO  ProductsPage:43 - click TShirt
2022-09-06 18:50:46 INFO  ProductsPage:46 - element displayed
]]></system-out>
    <system-err><![CDATA[SLF4J: Failed to load class "org.slf4j.impl.StaticLoggerBinder".
SLF4J: Defaulting to no-operation (NOP) logger implementation
SLF4J: See http://www.slf4j.org/codes.html#StaticLoggerBinder for further details.
Starting ChromeDriver 105.0.5195.52 (412c95e518836d8a7d97250d62b29c2ae6a26a85-refs/branch-heads/5195@{#853}) on port 55581
Only local connections are allowed.
Please see https://chromedriver.chromium.org/security-considerations for suggestions on keeping ChromeDriver safe.
ChromeDriver was started successfully.
Sep 06, 2022 6:50:42 PM org.openqa.selenium.remote.ProtocolHandshake createSession
INFO: Detected upstream dialect: W3C
Sep 06, 2022 6:50:43 PM org.openqa.selenium.devtools.CdpVersionFinder findNearestMatch
WARNING: Unable to find an exact match for CDP version 105, so returning the closest version found: 103
Sep 06, 2022 6:50:43 PM org.openqa.selenium.devtools.CdpVersionFinder findNearestMatch
INFO: Found CDP implementation for version 105 of 103
]]></system-err>
  </testcase>
</testsuite>