<?xml version="1.0" encoding="UTF-8"?>
<testsuite xmlns:xsi="http://www.w3.org/2001/XMLSchema-instance" xsi:noNamespaceSchemaLocation="https://maven.apache.org/surefire/maven-surefire-plugin/xsd/surefire-test-report-3.0.xsd" version="3.0" name="TestSuite" time="29.262" tests="4" errors="0" skipped="0" failures="1">
  <properties>
[...]
</properties>
  <testcase name="testLogin[standard_user, secret_sauce](1)" classname="testDataDriven" time="2.728">
    <system-out><![CDATA[2022-09-02 19:16:15 DEBUG InternalLoggerFactory:76 - Using Log4J2 as the default logging framework
2022-09-02 19:16:15 DEBUG ResourceLeakDetector:129 - -Dio.netty.leakDetection.level: simple
2022-09-02 19:16:15 DEBUG ResourceLeakDetector:130 - -Dio.netty.leakDetection.targetRecords: 4
2022-09-02 19:16:15 DEBUG ResourceLeakDetectorFactory:196 - Loaded default ResourceLeakDetector: io.netty.util.ResourceLeakDetector@c9413d8
2022-09-02 19:16:15 DEBUG PlatformDependent0:495 - -Dio.netty.noUnsafe: false
2022-09-02 19:16:15 DEBUG PlatformDependent0:998 - Java version: 8
2022-09-02 19:16:15 DEBUG PlatformDependent0:136 - sun.misc.Unsafe.theUnsafe: available
2022-09-02 19:16:15 DEBUG PlatformDependent0:160 - sun.misc.Unsafe.copyMemory: available
2022-09-02 19:16:15 DEBUG PlatformDependent0:192 - sun.misc.Unsafe.storeFence: available
2022-09-02 19:16:15 DEBUG PlatformDependent0:235 - java.nio.Buffer.address: available
2022-09-02 19:16:15 DEBUG PlatformDependent0:306 - direct buffer constructor: available
2022-09-02 19:16:15 DEBUG PlatformDependent0:384 - java.nio.Bits.unaligned: available, true
2022-09-02 19:16:15 DEBUG PlatformDependent0:458 - jdk.internal.misc.Unsafe.allocateUninitializedArray(int): unavailable prior to Java9
2022-09-02 19:16:15 DEBUG PlatformDependent0:481 - java.nio.DirectByteBuffer.<init>(long, int): available
2022-09-02 19:16:15 DEBUG PlatformDependent:1120 - sun.misc.Unsafe: available
2022-09-02 19:16:15 DEBUG PlatformDependent:1250 - -Dio.netty.tmpdir: C:\Users\DERANT~1\AppData\Local\Temp (java.io.tmpdir)
2022-09-02 19:16:15 DEBUG PlatformDependent:1329 - -Dio.netty.bitMode: 64 (sun.arch.data.model)
2022-09-02 19:16:15 DEBUG PlatformDependent:1080 - Platform: Windows
2022-09-02 19:16:15 DEBUG PlatformDependent:178 - -Dio.netty.maxDirectMemory: 3793747968 bytes
2022-09-02 19:16:15 DEBUG PlatformDependent:185 - -Dio.netty.uninitializedArrayAllocationThreshold: -1
2022-09-02 19:16:15 DEBUG CleanerJava6:92 - java.nio.ByteBuffer.cleaner(): available
2022-09-02 19:16:15 DEBUG PlatformDependent:205 - -Dio.netty.noPreferDirect: false
2022-09-02 19:16:15 DEBUG PlatformDependent:971 - org.jctools-core.MpscChunkedArrayQueue: available
2022-09-02 19:16:15 DEBUG InternalThreadLocalMap:86 - -Dio.netty.threadLocalMap.stringBuilder.initialSize: 1024
2022-09-02 19:16:15 DEBUG InternalThreadLocalMap:89 - -Dio.netty.threadLocalMap.stringBuilder.maxSize: 4096
2022-09-02 19:16:15 DEBUG JdkSslContext:83 - Default protocols (JDK): [TLSv1.3, TLSv1.2] 
2022-09-02 19:16:15 DEBUG JdkSslContext:84 - Default cipher suites (JDK): [TLS_ECDHE_ECDSA_WITH_AES_256_GCM_SHA384, TLS_ECDHE_ECDSA_WITH_AES_128_GCM_SHA256, TLS_ECDHE_RSA_WITH_AES_128_GCM_SHA256, TLS_ECDHE_RSA_WITH_AES_256_GCM_SHA384, TLS_ECDHE_RSA_WITH_AES_128_CBC_SHA, TLS_ECDHE_RSA_WITH_AES_256_CBC_SHA, TLS_RSA_WITH_AES_128_GCM_SHA256, TLS_RSA_WITH_AES_128_CBC_SHA, TLS_RSA_WITH_AES_256_CBC_SHA, TLS_AES_128_GCM_SHA256, TLS_AES_256_GCM_SHA384]
2022-09-02 19:16:15 DEBUG MultithreadEventLoopGroup:44 - -Dio.netty.eventLoopThreads: 8
2022-09-02 19:16:15 DEBUG NioEventLoop:109 - -Dio.netty.noKeySetOptimization: false
2022-09-02 19:16:15 DEBUG NioEventLoop:110 - -Dio.netty.selectorAutoRebuildThreshold: 512
2022-09-02 19:16:15 TRACE NioEventLoop:263 - instrumented a special java.util.Set into: sun.nio.ch.WindowsSelectorImpl@28c0b664
2022-09-02 19:16:15 TRACE NioEventLoop:263 - instrumented a special java.util.Set into: sun.nio.ch.WindowsSelectorImpl@6ebd78d1
2022-09-02 19:16:15 TRACE NioEventLoop:263 - instrumented a special java.util.Set into: sun.nio.ch.WindowsSelectorImpl@436390f4
2022-09-02 19:16:15 TRACE NioEventLoop:263 - instrumented a special java.util.Set into: sun.nio.ch.WindowsSelectorImpl@4d157787
2022-09-02 19:16:15 TRACE NioEventLoop:263 - instrumented a special java.util.Set into: sun.nio.ch.WindowsSelectorImpl@68ed96ca
2022-09-02 19:16:15 TRACE NioEventLoop:263 - instrumented a special java.util.Set into: sun.nio.ch.WindowsSelectorImpl@6d1310f6
2022-09-02 19:16:15 TRACE NioEventLoop:263 - instrumented a special java.util.Set into: sun.nio.ch.WindowsSelectorImpl@3228d990
2022-09-02 19:16:15 TRACE NioEventLoop:263 - instrumented a special java.util.Set into: sun.nio.ch.WindowsSelectorImpl@54e7391d
2022-09-02 19:16:15 DEBUG PooledByteBufAllocator:157 - -Dio.netty.allocator.numHeapArenas: 8
2022-09-02 19:16:15 DEBUG PooledByteBufAllocator:158 - -Dio.netty.allocator.numDirectArenas: 8
2022-09-02 19:16:15 DEBUG PooledByteBufAllocator:160 - -Dio.netty.allocator.pageSize: 8192
2022-09-02 19:16:15 DEBUG PooledByteBufAllocator:165 - -Dio.netty.allocator.maxOrder: 9
2022-09-02 19:16:15 DEBUG PooledByteBufAllocator:169 - -Dio.netty.allocator.chunkSize: 4194304
2022-09-02 19:16:15 DEBUG PooledByteBufAllocator:170 - -Dio.netty.allocator.smallCacheSize: 256
2022-09-02 19:16:15 DEBUG PooledByteBufAllocator:171 - -Dio.netty.allocator.normalCacheSize: 64
2022-09-02 19:16:15 DEBUG PooledByteBufAllocator:172 - -Dio.netty.allocator.maxCachedBufferCapacity: 32768
2022-09-02 19:16:15 DEBUG PooledByteBufAllocator:173 - -Dio.netty.allocator.cacheTrimInterval: 8192
2022-09-02 19:16:15 DEBUG PooledByteBufAllocator:174 - -Dio.netty.allocator.cacheTrimIntervalMillis: 0
2022-09-02 19:16:15 DEBUG PooledByteBufAllocator:175 - -Dio.netty.allocator.useCacheForAllThreads: false
2022-09-02 19:16:15 DEBUG PooledByteBufAllocator:176 - -Dio.netty.allocator.maxCachedByteBuffersPerChunk: 1023
2022-09-02 19:16:15 DEBUG ByteBufUtil:87 - -Dio.netty.allocator.type: pooled
2022-09-02 19:16:15 DEBUG ByteBufUtil:96 - -Dio.netty.threadLocalDirectBufferSize: 0
2022-09-02 19:16:15 DEBUG ByteBufUtil:99 - -Dio.netty.maxThreadLocalCharBufferSize: 16384
2022-09-02 19:16:17 DEBUG DefaultChannelId:79 - -Dio.netty.processId: 14688 (auto-detected)
2022-09-02 19:16:17 DEBUG NetUtil:136 - -Djava.net.preferIPv4Stack: false
2022-09-02 19:16:17 DEBUG NetUtil:137 - -Djava.net.preferIPv6Addresses: false
2022-09-02 19:16:18 DEBUG NetUtilInitializations:129 - Loopback interface: lo (Software Loopback Interface 1, 127.0.0.1)
2022-09-02 19:16:18 DEBUG NetUtil:191 - Failed to get SOMAXCONN from sysctl and file \proc\sys\net\core\somaxconn. Default: 200
2022-09-02 19:16:19 DEBUG DefaultChannelId:101 - -Dio.netty.machineId: 10:f0:05:ff:fe:77:1a:5f (auto-detected)
2022-09-02 19:16:19 DEBUG AbstractByteBuf:63 - -Dio.netty.buffer.checkAccessible: true
2022-09-02 19:16:19 DEBUG AbstractByteBuf:64 - -Dio.netty.buffer.checkBounds: true
2022-09-02 19:16:19 DEBUG ResourceLeakDetectorFactory:196 - Loaded default ResourceLeakDetector: io.netty.util.ResourceLeakDetector@60e79275
2022-09-02 19:16:19 DEBUG Recycler:85 - -Dio.netty.recycler.maxCapacityPerThread: 4096
2022-09-02 19:16:19 DEBUG Recycler:86 - -Dio.netty.recycler.ratio: 8
2022-09-02 19:16:19 DEBUG Recycler:87 - -Dio.netty.recycler.chunkSize: 32
2022-09-02 19:16:19 DEBUG Recycler:88 - -Dio.netty.recycler.blocking: false
2022-09-02 19:16:22 DEBUG Brotli:38 - brotli4j not in the classpath; Brotli support will be unavailable.
2022-09-02 19:16:22 DEBUG ThreadLocalRandom:214 - -Dio.netty.initialSeedUniquifier: 0xfd491c3974e379f4
2022-09-02 19:16:23 DEBUG PackageRelationshipCollection:309 - Parsing relationship: /xl/_rels/workbook.xml.rels
2022-09-02 19:16:23 DEBUG PackageRelationshipCollection:309 - Parsing relationship: /_rels/.rels
2022-09-02 19:16:23 TRACE XBeanDebug:196 - Loading type system org.apache.poi.schemas.ooxml.system.ooxml
2022-09-02 19:16:23 TRACE XBeanDebug:196 - Loading type system org.apache.xmlbeans.metadata.system.sXMLCONFIG
2022-09-02 19:16:23 TRACE XBeanDebug:196 - Loading type system org.apache.xmlbeans.metadata.system.sXMLLANG
2022-09-02 19:16:23 TRACE XBeanDebug:196 - Loading type system org.apache.xmlbeans.metadata.system.sXMLSCHEMA
2022-09-02 19:16:23 TRACE XBeanDebug:196 - Loading type system org.apache.xmlbeans.metadata.system.sXMLTOOLS
2022-09-02 19:16:23 TRACE XBeanDebug:231 - Reading unresolved handles for type system org.apache.xmlbeans.metadata.system.sXMLTOOLS
2022-09-02 19:16:23 TRACE XBeanDebug:206 - Finished loading type system org.apache.xmlbeans.metadata.system.sXMLTOOLS
2022-09-02 19:16:23 TRACE XBeanDebug:231 - Reading unresolved handles for type system org.apache.xmlbeans.metadata.system.sXMLSCHEMA
2022-09-02 19:16:23 TRACE XBeanDebug:206 - Finished loading type system org.apache.xmlbeans.metadata.system.sXMLSCHEMA
2022-09-02 19:16:23 TRACE XBeanDebug:231 - Reading unresolved handles for type system org.apache.xmlbeans.metadata.system.sXMLLANG
2022-09-02 19:16:23 TRACE XBeanDebug:206 - Finished loading type system org.apache.xmlbeans.metadata.system.sXMLLANG
2022-09-02 19:16:23 TRACE XBeanDebug:231 - Reading unresolved handles for type system org.apache.xmlbeans.metadata.system.sXMLCONFIG
2022-09-02 19:16:23 TRACE XBeanDebug:206 - Finished loading type system org.apache.xmlbeans.metadata.system.sXMLCONFIG
2022-09-02 19:16:23 TRACE XBeanDebug:231 - Reading unresolved handles for type system org.apache.poi.schemas.ooxml.system.ooxml
2022-09-02 19:16:23 TRACE XBeanDebug:206 - Finished loading type system org.apache.poi.schemas.ooxml.system.ooxml
2022-09-02 19:16:23 TRACE XBeanDebug:937 - Resolving type for handle themefd26doctype
2022-09-02 19:16:24 TRACE XBeanDebug:937 - Resolving type for handle stylesheet5d8bdoctype
2022-09-02 19:16:24 TRACE XBeanDebug:937 - Resolving type for handle ctstylesheet4257type
2022-09-02 19:16:24 TRACE XBeanDebug:937 - Resolving type for handle ctnumfmtsb58btype
2022-09-02 19:16:24 TRACE XBeanDebug:937 - Resolving type for handle ctnumfmt3870type
2022-09-02 19:16:24 TRACE XBeanDebug:937 - Resolving type for handle stnumfmtid76fbtype
2022-09-02 19:16:24 TRACE XBeanDebug:937 - Resolving type for handle stxstringf179type
2022-09-02 19:16:24 TRACE XBeanDebug:937 - Resolving type for handle ctfonts6623type
2022-09-02 19:16:24 TRACE XBeanDebug:937 - Resolving type for handle ctfont14d8type
2022-09-02 19:16:24 TRACE XBeanDebug:937 - Resolving type for handle ctfills2c6ftype
2022-09-02 19:16:24 TRACE XBeanDebug:937 - Resolving type for handle ctfill550ctype
2022-09-02 19:16:24 TRACE XBeanDebug:937 - Resolving type for handle ctborders0d66type
2022-09-02 19:16:24 TRACE XBeanDebug:937 - Resolving type for handle ctborderf935type
2022-09-02 19:16:24 TRACE XBeanDebug:937 - Resolving type for handle ctcellxfs1322type
2022-09-02 19:16:24 TRACE XBeanDebug:937 - Resolving type for handle ctxf97f7type
2022-09-02 19:16:24 TRACE XBeanDebug:937 - Resolving type for handle ctcellstylexfsa81ftype
2022-09-02 19:16:24 TRACE XBeanDebug:937 - Resolving type for handle cttablestyles872ftype
2022-09-02 19:16:24 TRACE XBeanDebug:937 - Resolving type for handle sstf81fdoctype
2022-09-02 19:16:24 TRACE XBeanDebug:937 - Resolving type for handle ctsst44f3type
2022-09-02 19:16:24 TRACE XBeanDebug:937 - Resolving type for handle ctrsta472type
2022-09-02 19:16:24 TRACE XBeanDebug:937 - Resolving type for handle workbookec17doctype
2022-09-02 19:16:24 TRACE XBeanDebug:937 - Resolving type for handle ctworkbook83c3type
2022-09-02 19:16:24 TRACE XBeanDebug:937 - Resolving type for handle ctsheets49fdtype
2022-09-02 19:16:24 TRACE XBeanDebug:937 - Resolving type for handle ctsheet4dbetype
2022-09-02 19:16:24 TRACE XBeanDebug:937 - Resolving type for handle strelationshipid1e94type
2022-09-02 19:16:24 TRACE XBeanDebug:937 - Resolving type for handle worksheetf539doctype
2022-09-02 19:16:24 TRACE XBeanDebug:937 - Resolving type for handle ctworksheet530dtype
2022-09-02 19:16:24 TRACE XBeanDebug:937 - Resolving type for handle ctsheetdata8408type
2022-09-02 19:16:24 TRACE XBeanDebug:937 - Resolving type for handle ctrowdd39type
2022-09-02 19:16:24 TRACE XBeanDebug:937 - Resolving type for handle ctcell842btype
2022-09-02 19:16:24 TRACE XBeanDebug:937 - Resolving type for handle stcellrefe4e0type
2022-09-02 19:16:24 TRACE XBeanDebug:937 - Resolving type for handle ctcols627ctype
2022-09-02 19:16:24 TRACE XBeanDebug:937 - Resolving type for handle ctcola95ftype
2022-09-02 19:16:24 TRACE XBeanDebug:937 - Resolving type for handle stcelltypebf95type
2022-09-02 19:16:26 INFO  ProductsPage:21 - Enter username: standard_user
2022-09-02 19:16:26 INFO  ProductsPage:25 - Enter password: secret_sauce
2022-09-02 19:16:26 INFO  ProductsPage:29 - Click login button
2022-09-02 19:16:26 INFO  ProductsPage:32 - Get current URL
]]></system-out>
    <system-err><![CDATA[SLF4J: Failed to load class "org.slf4j.impl.StaticLoggerBinder".
SLF4J: Defaulting to no-operation (NOP) logger implementation
SLF4J: See http://www.slf4j.org/codes.html#StaticLoggerBinder for further details.
Starting ChromeDriver 105.0.5195.52 (412c95e518836d8a7d97250d62b29c2ae6a26a85-refs/branch-heads/5195@{#853}) on port 55932
Only local connections are allowed.
Please see https://chromedriver.chromium.org/security-considerations for suggestions on keeping ChromeDriver safe.
ChromeDriver was started successfully.
Sep 02, 2022 7:16:22 PM org.openqa.selenium.remote.ProtocolHandshake createSession
INFO: Detected upstream dialect: W3C
Sep 02, 2022 7:16:22 PM org.openqa.selenium.devtools.CdpVersionFinder findNearestMatch
WARNING: Unable to find an exact match for CDP version 105, so returning the closest version found: 103
Sep 02, 2022 7:16:22 PM org.openqa.selenium.devtools.CdpVersionFinder findNearestMatch
INFO: Found CDP implementation for version 105 of 103
]]></system-err>
  </testcase>
  <testcase name="testLogin[locked_out_user, secret_sauce](2)" classname="testDataDriven" time="1.109">
    <failure message="Invalid login credentials expected [https://www.saucedemo.com/inventory.html] but found [https://www.saucedemo.com/]" type="java.lang.AssertionError"><![CDATA[java.lang.AssertionError: Invalid login credentials expected [https://www.saucedemo.com/inventory.html] but found [https://www.saucedemo.com/]
	at org.testng.Assert.fail(Assert.java:94)
	at org.testng.Assert.failNotEquals(Assert.java:513)
	at org.testng.Assert.assertEqualsImpl(Assert.java:135)
	at org.testng.Assert.assertEquals(Assert.java:116)
	at org.testng.Assert.assertEquals(Assert.java:190)
	at testDataDriven.testLogin(testDataDriven.java:32)
	at sun.reflect.NativeMethodAccessorImpl.invoke0(Native Method)
	at sun.reflect.NativeMethodAccessorImpl.invoke(NativeMethodAccessorImpl.java:62)
	at sun.reflect.DelegatingMethodAccessorImpl.invoke(DelegatingMethodAccessorImpl.java:43)
	at java.lang.reflect.Method.invoke(Method.java:498)
	at org.testng.internal.MethodInvocationHelper.invokeMethod(MethodInvocationHelper.java:104)
	at org.testng.internal.Invoker.invokeMethod(Invoker.java:645)
	at org.testng.internal.Invoker.invokeTestMethod(Invoker.java:851)
	at org.testng.internal.Invoker.invokeTestMethods(Invoker.java:1177)
	at org.testng.internal.TestMethodWorker.invokeTestMethods(TestMethodWorker.java:129)
	at org.testng.internal.TestMethodWorker.run(TestMethodWorker.java:112)
	at org.testng.TestRunner.privateRun(TestRunner.java:756)
	at org.testng.TestRunner.run(TestRunner.java:610)
	at org.testng.SuiteRunner.runTest(SuiteRunner.java:387)
	at org.testng.SuiteRunner.runSequentially(SuiteRunner.java:382)
	at org.testng.SuiteRunner.privateRun(SuiteRunner.java:340)
	at org.testng.SuiteRunner.run(SuiteRunner.java:289)
	at org.testng.SuiteRunnerWorker.runSuite(SuiteRunnerWorker.java:52)
	at org.testng.SuiteRunnerWorker.run(SuiteRunnerWorker.java:86)
	at org.testng.TestNG.runSuitesSequentially(TestNG.java:1293)
	at org.testng.TestNG.runSuitesLocally(TestNG.java:1218)
	at org.testng.TestNG.runSuites(TestNG.java:1133)
	at org.testng.TestNG.run(TestNG.java:1104)
	at org.apache.maven.surefire.testng.TestNGExecutor.run(TestNGExecutor.java:324)
	at org.apache.maven.surefire.testng.TestNGXmlTestSuite.execute(TestNGXmlTestSuite.java:74)
	at org.apache.maven.surefire.testng.TestNGProvider.invoke(TestNGProvider.java:123)
	at org.apache.maven.surefire.booter.ForkedBooter.runSuitesInProcess(ForkedBooter.java:456)
	at org.apache.maven.surefire.booter.ForkedBooter.execute(ForkedBooter.java:169)
	at org.apache.maven.surefire.booter.ForkedBooter.run(ForkedBooter.java:595)
	at org.apache.maven.surefire.booter.ForkedBooter.main(ForkedBooter.java:581)
]]></failure>
    <system-out><![CDATA[2022-09-02 19:16:27 INFO  ProductsPage:21 - Enter username: locked_out_user
2022-09-02 19:16:27 INFO  ProductsPage:25 - Enter password: secret_sauce
2022-09-02 19:16:28 INFO  ProductsPage:29 - Click login button
2022-09-02 19:16:28 INFO  ProductsPage:32 - Get current URL
]]></system-out>
  </testcase>
  <testcase name="testLogin[problem_user, secret_sauce](3)" classname="testDataDriven" time="1.641">
    <system-out><![CDATA[2022-09-02 19:16:29 INFO  ProductsPage:21 - Enter username: problem_user
2022-09-02 19:16:29 INFO  ProductsPage:25 - Enter password: secret_sauce
2022-09-02 19:16:29 INFO  ProductsPage:29 - Click login button
2022-09-02 19:16:29 INFO  ProductsPage:32 - Get current URL
]]></system-out>
  </testcase>
  <testcase name="testLogin[performance_glitch_user, secret_sauce](4)" classname="testDataDriven" time="6.373">
    <system-out><![CDATA[2022-09-02 19:16:30 INFO  ProductsPage:21 - Enter username: performance_glitch_user
2022-09-02 19:16:30 INFO  ProductsPage:25 - Enter password: secret_sauce
2022-09-02 19:16:36 INFO  ProductsPage:29 - Click login button
2022-09-02 19:16:36 INFO  ProductsPage:32 - Get current URL
]]></system-out>
  </testcase>
</testsuite>