<?xml version="1.0" encoding="UTF-8"?>
<testng-results skipped="0" failed="0" ignored="2" total="3" passed="1">
  <reporter-output>
  </reporter-output>
  <suite name="Surefire suite" duration-ms="3992" started-at="2022-09-06T13:20:43Z" finished-at="2022-09-06T13:20:47Z">
    <groups>
    </groups>
    <test name="Surefire test" duration-ms="3992" started-at="2022-09-06T13:20:43Z" finished-at="2022-09-06T13:20:47Z">
      <class name="ProductTests">
        <test-method status="PASS" signature="setupDriver()[pri:0, instance:ProductTests@480d3575]" name="setupDriver" is-config="true" duration-ms="7294" started-at="2022-09-06T18:50:36Z" finished-at="2022-09-06T18:50:43Z">
          <reporter-output>
          </reporter-output>
        </test-method> <!-- setupDriver -->
        <test-method status="PASS" signature="startBrowser()[pri:0, instance:ProductTests@480d3575]" name="startBrowser" is-config="true" duration-ms="1878" started-at="2022-09-06T18:50:43Z" finished-at="2022-09-06T18:50:45Z">
          <reporter-output>
          </reporter-output>
        </test-method> <!-- startBrowser -->
        <test-method status="PASS" signature="testAddTShirt()[pri:0, instance:ProductTests@480d3575]" name="testAddTShirt" duration-ms="1707" started-at="2022-09-06T18:50:45Z" finished-at="2022-09-06T18:50:46Z">
          <reporter-output>
          </reporter-output>
        </test-method> <!-- testAddTShirt -->
        <test-method status="PASS" signature="quitBrowser()[pri:0, instance:ProductTests@480d3575]" name="quitBrowser" is-config="true" duration-ms="298" started-at="2022-09-06T18:50:47Z" finished-at="2022-09-06T18:50:47Z">
          <reporter-output>
          </reporter-output>
        </test-method> <!-- quitBrowser -->
        <test-method status="PASS" signature="tearDown()[pri:0, instance:ProductTests@480d3575]" name="tearDown" is-config="true" duration-ms="3476" started-at="2022-09-06T18:50:47Z" finished-at="2022-09-06T18:50:50Z">
          <reporter-output>
          </reporter-output>
        </test-method> <!-- tearDown -->
      </class> <!-- ProductTests -->
    </test> <!-- Surefire test -->
  </suite> <!-- Surefire suite -->
</testng-results>
