<?xml version="1.0" encoding="UTF-8" ?>
<testsuite tests="4" failures="1" name="testDataDriven" time="9.461" errors="0" skipped="0">
  <properties>
[...]
</properties>
  <testcase classname="testDataDriven" name="testLogin" time="2.021"/>
  <testcase classname="testDataDriven" name="testLogin" time="0.92">
    <failure message="Invalid login credentials expected [https://www.saucedemo.com/inventory.html] but found [https://www.saucedemo.com/]" type="java.lang.AssertionError">java.lang.AssertionError: Invalid login credentials expected [https://www.saucedemo.com/inventory.html] but found [https://www.saucedemo.com/]
	at org.testng.Assert.fail(Assert.java:110)
	at org.testng.Assert.failNotEquals(Assert.java:1413)
	at org.testng.Assert.assertEqualsImpl(Assert.java:149)
	at org.testng.Assert.assertEquals(Assert.java:131)
	at org.testng.Assert.assertEquals(Assert.java:655)
	at testDataDriven.testLogin(testDataDriven.java:32)
</failure>
    <system-out>2022-07-28 12:04:41 INFO  ProductsPage:21 - Enter username: locked_out_user
2022-07-28 12:04:41 INFO  ProductsPage:25 - Enter password: secret_sauce
2022-07-28 12:04:41 INFO  ProductsPage:29 - Click login button
2022-07-28 12:04:41 INFO  ProductsPage:32 - Get current URL
</system-out>
    <system-err>console.warn: LoginRecipes: &quot;getRecipes: falling back to a synchronous message for:&quot; &quot;https://www.saucedemo.com&quot;
JavaScript error: resource://gre/modules/LoginManagerParent.jsm, line 136: TypeError: gRecipeManager is null
</system-err>
  </testcase>
  <testcase classname="testDataDriven" name="testLogin" time="0.77"/>
  <testcase classname="testDataDriven" name="testLogin" time="5.75"/>
</testsuite>