<?xml version="1.0" encoding="UTF-8"?>
<!-- Generated by org.testng.reporters.JUnitXMLReporter -->
<testsuite ignored="0" hostname="SL-DEranthika" failures="1" tests="4" name="Command line test" time="10.442" errors="0" timestamp="2022-07-24T17:49:04 IST">
  <testcase classname="testDataDriven" name="testLogin" time="2.094"/>
  <testcase classname="testDataDriven" name="testLogin" time="0.525">
    <failure type="java.lang.AssertionError" message="Invalid login credentials expected [https://www.saucedemo.com/inventory.html] but found [https://www.saucedemo.com/]">
      <![CDATA[java.lang.AssertionError: Invalid login credentials expected [https://www.saucedemo.com/inventory.html] but found [https://www.saucedemo.com/]
at testDataDriven.testLogin(testDataDriven.java:26)
at java.base/java.util.ArrayList.forEach(ArrayList.java:1511)
... Removed 37 stack frames]]>
    </failure>
  </testcase> <!-- testLogin -->
  <testcase classname="testDataDriven" name="testLogin" time="0.852"/>
  <testcase classname="testDataDriven" name="testLogin" time="6.005"/>
</testsuite> <!-- Command line test -->
